<?xml version="1.0" encoding="UTF-8"?>
<testng-results ignored="0" total="1" passed="1" failed="0" skipped="0">
  <reporter-output>
  </reporter-output>
  <suite started-at="2022-10-12T11:13:23 IST" name="Default suite" finished-at="2022-10-12T11:14:22 IST" duration-ms="59165">
    <groups>
    </groups>
    <test started-at="2022-10-12T11:13:23 IST" name="Default test" finished-at="2022-10-12T11:14:22 IST" duration-ms="59165">
      <class name="HomePageTest">
        <test-method signature="ToVerifyClickOnHome()[pri:0, instance:HomePageTest@4d1c005e]" started-at="2022-10-12T11:13:23 IST" name="ToVerifyClickOnHome" finished-at="2022-10-12T11:14:22 IST" duration-ms="58987" status="PASS">
          <reporter-output>
          </reporter-output>
        </test-method> <!-- ToVerifyClickOnHome -->
      </class> <!-- HomePageTest -->
    </test> <!-- Default test -->
  </suite> <!-- Default suite -->
</testng-results>
